<?xml version="1.0" encoding="UTF-8"?>
<!-- Generated by org.testng.reporters.JUnitXMLReporter -->
<testsuite ignored="0" hostname="Dhanvi" failures="0" tests="11" name="Test parallel" time="18.884" errors="0" timestamp="2024-08-28T16:03:59 IST">
  <testcase classname="testng.PrioritizeTests" name="demo5" time="0.012"/>
  <testcase classname="testng.InvocationCountTest" name="demo3" time="0.012"/>
  <testcase classname="testng.PrioritizeTests" name="demo3" time="0.013"/>
  <testcase classname="testng.PrioritizeTests" name="demo4" time="0.013"/>
  <testcase classname="testng.InvocationCountTest" name="demo1" time="0.013"/>
  <testcase classname="testng.PrioritizeTests" name="demo2" time="0.002"/>
  <testcase classname="testng.TestClass" name="test" time="0.006"/>
  <testcase classname="testng.PrioritizeTests" name="demo1" time="0.002"/>
  <testcase classname="testng.InvocationCountTest" name="demo1" time="0.006"/>
  <testcase classname="testng.DependsonMethodTest" name="navigateToApp" time="11.135"/>
  <testcase classname="testng.DependsonMethodTest" name="loginToApp" time="7.657"/>
</testsuite> <!-- Test parallel -->
