<?xml version="1.0" encoding="UTF-8"?>
<!-- Generated by org.testng.reporters.JUnitXMLReporter -->
<testsuite ignored="0" hostname="Dhanvi" failures="0" tests="4" name="Default test" time="19.785" errors="0" timestamp="2024-10-20T08:17:54 IST">
  <testcase classname="interview.DataProvide" name="searchTest" time="5.058"/>
  <testcase classname="interview.DataProvide" name="searchTest" time="4.442"/>
  <testcase classname="interview.DataProvide" name="searchTest" time="4.928"/>
  <testcase classname="interview.DataProvide" name="searchTest" time="5.304"/>
</testsuite> <!-- Default test -->
