<?xml version="1.0" encoding="UTF-8"?>
<!-- Generated by org.testng.reporters.JUnitXMLReporter -->
<testsuite ignored="0" hostname="Dhanvi" failures="0" tests="5" name="Test runner1" time="0.068" errors="0" timestamp="2024-10-24T09:11:43 IST">
  <testcase classname="groupExecution.Test3" name="test1" time="0.007"/>
  <testcase classname="groupExecution.Test3" name="test2" time="0.002"/>
  <testcase classname="groupExecution.Test3" name="test3" time="0.001"/>
  <testcase classname="groupExecution.Test4" name="test1" time="0.001"/>
  <testcase classname="groupExecution.Test4" name="test2" time="0.001"/>
</testsuite> <!-- Test runner1 -->
