<?xml version="1.0" encoding="UTF-8"?>
<!-- Generated by org.testng.reporters.JUnitXMLReporter -->
<testsuite ignored="0" hostname="Dhanvi" failures="0" tests="4" name="Test runner1" time="0.073" errors="0" timestamp="2024-09-30T16:20:56 IST">
  <testcase classname="distributedparallel.Test1" name="demo1" time="0.012"/>
  <testcase classname="distributedparallel.Test1" name="demo2" time="0.001"/>
  <testcase classname="distributedparallel.Test2" name="demo1" time="0.001"/>
  <testcase classname="distributedparallel.Test2" name="demo2" time="0.001"/>
</testsuite> <!-- Test runner1 -->
