<?xml version="1.0" encoding="UTF-8"?>
<!-- Generated by org.testng.reporters.JUnitXMLReporter -->
<testsuite ignored="0" hostname="Dhanvi" failures="0" tests="4" name="Test runner2" time="0.075" errors="0" timestamp="2024-09-30T16:20:56 IST">
  <testcase classname="distributedparallel.Test4" name="demo1" time="0.012"/>
  <testcase classname="distributedparallel.Test4" name="demo2" time="0.002"/>
  <testcase classname="distributedparallel.Test5" name="demo1" time="0.002"/>
  <testcase classname="distributedparallel.Test5" name="demo2" time="0.002"/>
</testsuite> <!-- Test runner2 -->
