<?xml version="1.0" encoding="UTF-8"?>
<!-- Generated by org.testng.reporters.JUnitXMLReporter -->
<testsuite ignored="0" hostname="Dhanvi" failures="0" tests="6" name="Test runner2" time="0.067" errors="0" timestamp="2024-10-24T09:11:43 IST">
  <testcase classname="groupExecution.Test1" name="test1" time="0.007"/>
  <testcase classname="groupExecution.Test1" name="test2" time="0.001"/>
  <testcase classname="groupExecution.Test1" name="test3" time="0.002"/>
  <testcase classname="groupExecution.Test2" name="test1" time="0.002"/>
  <testcase classname="groupExecution.Test2" name="test2" time="0.002"/>
  <testcase classname="groupExecution.Test2" name="test3" time="0.002"/>
</testsuite> <!-- Test runner2 -->
