<?xml version="1.0" encoding="UTF-8"?>
<!-- Generated by org.testng.reporters.JUnitXMLReporter -->
<testsuite ignored="2" hostname="Dhanvi" failures="0" tests="2" name="Test runner2(failed)" time="0.056" errors="0" timestamp="2024-08-28T16:28:02 IST">
  <testcase classname="distributedparallel.Test1" name="demo1" time="0.007"/>
  <testcase classname="distributedparallel.Test5" name="demo1" time="0.001"/>
  <testcase classname="distributedparallel.Test5" name="demo2" time="0.0">
    <ignored/>
  </testcase> <!-- demo2 -->
  <testcase classname="distributedparallel.Test1" name="demo2" time="0.0">
    <ignored/>
  </testcase> <!-- demo2 -->
</testsuite> <!-- Test runner2(failed) -->
