<?xml version="1.0" encoding="UTF-8"?>
<testng-results ignored="0" total="4" passed="4" failed="0" skipped="0">
  <reporter-output>
  </reporter-output>
  <suite started-at="2024-10-20T08:17:34 IST" name="Default suite" finished-at="2024-10-20T08:17:54 IST" duration-ms="19785">
    <groups>
    </groups>
    <test started-at="2024-10-20T08:17:34 IST" name="Default test" finished-at="2024-10-20T08:17:54 IST" duration-ms="19785">
      <class name="interview.DataProvide">
        <test-method signature="searchTest(java.lang.String)[pri:0, instance:interview.DataProvide@34a3d150]" started-at="2024-10-20T08:17:35 IST" name="searchTest" data-provider="data" finished-at="2024-10-20T08:17:40 IST" duration-ms="5058" status="PASS">
          <params>
            <param index="0">
              <value>
                <![CDATA[shoes]]>
              </value>
            </param>
          </params>
          <reporter-output>
          </reporter-output>
        </test-method> <!-- searchTest -->
        <test-method signature="searchTest(java.lang.String)[pri:0, instance:interview.DataProvide@34a3d150]" started-at="2024-10-20T08:17:40 IST" name="searchTest" data-provider="data" finished-at="2024-10-20T08:17:44 IST" duration-ms="4442" status="PASS">
          <params>
            <param index="0">
              <value>
                <![CDATA[watch]]>
              </value>
            </param>
          </params>
          <reporter-output>
          </reporter-output>
        </test-method> <!-- searchTest -->
        <test-method signature="searchTest(java.lang.String)[pri:0, instance:interview.DataProvide@34a3d150]" started-at="2024-10-20T08:17:44 IST" name="searchTest" data-provider="data" finished-at="2024-10-20T08:17:49 IST" duration-ms="4928" status="PASS">
          <params>
            <param index="0">
              <value>
                <![CDATA[wallet]]>
              </value>
            </param>
          </params>
          <reporter-output>
          </reporter-output>
        </test-method> <!-- searchTest -->
        <test-method signature="searchTest(java.lang.String)[pri:0, instance:interview.DataProvide@34a3d150]" started-at="2024-10-20T08:17:49 IST" name="searchTest" data-provider="data" finished-at="2024-10-20T08:17:54 IST" duration-ms="5304" status="PASS">
          <params>
            <param index="0">
              <value>
                <![CDATA[lipstick]]>
              </value>
            </param>
          </params>
          <reporter-output>
          </reporter-output>
        </test-method> <!-- searchTest -->
      </class> <!-- interview.DataProvide -->
    </test> <!-- Default test -->
  </suite> <!-- Default suite -->
</testng-results>
