<?xml version="1.0" encoding="UTF-8"?>
<testng-results ignored="0" total="4" passed="4" failed="0" skipped="0">
  <reporter-output>
  </reporter-output>
  <suite started-at="2024-10-24T09:16:38 IST" name="Suite" finished-at="2024-10-24T09:16:50 IST" duration-ms="11683">
    <groups>
    </groups>
    <test started-at="2024-10-24T09:16:38 IST" name="Test1" finished-at="2024-10-24T09:16:46 IST" duration-ms="7960">
      <class name="crossBrowser.Test2">
        <test-method is-config="true" signature="classSetUp(java.lang.String)[pri:0, instance:crossBrowser.Test2@5b7a5baa]" started-at="2024-10-24T09:16:44 IST" name="classSetUp" finished-at="2024-10-24T09:16:45 IST" duration-ms="1519" status="PASS">
          <params>
            <param index="0">
              <value>
                <![CDATA[chrome]]>
              </value>
            </param>
          </params>
          <reporter-output>
          </reporter-output>
        </test-method> <!-- classSetUp -->
        <test-method signature="fbTest()[pri:0, instance:crossBrowser.Test2@5b7a5baa]" started-at="2024-10-24T09:16:45 IST" name="fbTest" finished-at="2024-10-24T09:16:46 IST" duration-ms="1081" status="PASS">
          <reporter-output>
          </reporter-output>
        </test-method> <!-- fbTest -->
        <test-method is-config="true" signature="classUnset()[pri:0, instance:crossBrowser.Test2@5b7a5baa]" started-at="2024-10-24T09:16:46 IST" name="classUnset" finished-at="2024-10-24T09:16:46 IST" duration-ms="194" status="PASS">
          <reporter-output>
          </reporter-output>
        </test-method> <!-- classUnset -->
      </class> <!-- crossBrowser.Test2 -->
      <class name="crossBrowser.Test1">
        <test-method is-config="true" signature="classSetUp(java.lang.String)[pri:0, instance:crossBrowser.Test1@13c9d689]" started-at="2024-10-24T09:16:39 IST" name="classSetUp" finished-at="2024-10-24T09:16:42 IST" duration-ms="3472" status="PASS">
          <params>
            <param index="0">
              <value>
                <![CDATA[chrome]]>
              </value>
            </param>
          </params>
          <reporter-output>
          </reporter-output>
        </test-method> <!-- classSetUp -->
        <test-method signature="googleTest()[pri:0, instance:crossBrowser.Test1@13c9d689]" started-at="2024-10-24T09:16:42 IST" name="googleTest" finished-at="2024-10-24T09:16:43 IST" duration-ms="1353" status="PASS">
          <reporter-output>
          </reporter-output>
        </test-method> <!-- googleTest -->
        <test-method is-config="true" signature="classUnset()[pri:0, instance:crossBrowser.Test1@13c9d689]" started-at="2024-10-24T09:16:43 IST" name="classUnset" finished-at="2024-10-24T09:16:44 IST" duration-ms="292" status="PASS">
          <reporter-output>
          </reporter-output>
        </test-method> <!-- classUnset -->
      </class> <!-- crossBrowser.Test1 -->
    </test> <!-- Test1 -->
    <test started-at="2024-10-24T09:16:38 IST" name="test2" finished-at="2024-10-24T09:16:50 IST" duration-ms="11683">
      <class name="crossBrowser.Test2">
        <test-method is-config="true" signature="classSetUp(java.lang.String)[pri:0, instance:crossBrowser.Test2@302552ec]" started-at="2024-10-24T09:16:47 IST" name="classSetUp" finished-at="2024-10-24T09:16:48 IST" duration-ms="1380" status="PASS">
          <params>
            <param index="0">
              <value>
                <![CDATA[edge]]>
              </value>
            </param>
          </params>
          <reporter-output>
          </reporter-output>
        </test-method> <!-- classSetUp -->
        <test-method signature="fbTest()[pri:0, instance:crossBrowser.Test2@302552ec]" started-at="2024-10-24T09:16:48 IST" name="fbTest" finished-at="2024-10-24T09:16:49 IST" duration-ms="504" status="PASS">
          <reporter-output>
          </reporter-output>
        </test-method> <!-- fbTest -->
        <test-method is-config="true" signature="classUnset()[pri:0, instance:crossBrowser.Test2@302552ec]" started-at="2024-10-24T09:16:49 IST" name="classUnset" finished-at="2024-10-24T09:16:50 IST" duration-ms="1291" status="PASS">
          <reporter-output>
          </reporter-output>
        </test-method> <!-- classUnset -->
      </class> <!-- crossBrowser.Test2 -->
      <class name="crossBrowser.Test1">
        <test-method is-config="true" signature="classSetUp(java.lang.String)[pri:0, instance:crossBrowser.Test1@26794848]" started-at="2024-10-24T09:16:39 IST" name="classSetUp" finished-at="2024-10-24T09:16:44 IST" duration-ms="5502" status="PASS">
          <params>
            <param index="0">
              <value>
                <![CDATA[edge]]>
              </value>
            </param>
          </params>
          <reporter-output>
          </reporter-output>
        </test-method> <!-- classSetUp -->
        <test-method signature="googleTest()[pri:0, instance:crossBrowser.Test1@26794848]" started-at="2024-10-24T09:16:44 IST" name="googleTest" finished-at="2024-10-24T09:16:46 IST" duration-ms="1707" status="PASS">
          <reporter-output>
          </reporter-output>
        </test-method> <!-- googleTest -->
        <test-method is-config="true" signature="classUnset()[pri:0, instance:crossBrowser.Test1@26794848]" started-at="2024-10-24T09:16:46 IST" name="classUnset" finished-at="2024-10-24T09:16:47 IST" duration-ms="1264" status="PASS">
          <reporter-output>
          </reporter-output>
        </test-method> <!-- classUnset -->
      </class> <!-- crossBrowser.Test1 -->
    </test> <!-- test2 -->
  </suite> <!-- Suite -->
</testng-results>
